<?xml version="1.0" encoding="UTF-8"?>
<!-- Generated by org.testng.reporters.JUnitReportReporter -->
<testsuite hostname="Kazis-MacBook-Pro.local" name="com.general.scripting.Question2b" tests="1" failures="0" timestamp="3 Nov 2017 19:25:44 GMT" time="0.356" errors="0">
  <testcase name="getFoodAndServings" time="0.356" classname="com.general.scripting.Question2b"/>
</testsuite> <!-- com.general.scripting.Question2b -->
