<?xml version="1.0" encoding="UTF-8"?>
<!-- Generated by org.testng.reporters.JUnitReportReporter -->
<testsuite hostname="Kazis-MacBook-Pro.local" name="com.assessment.test.Question2b" tests="1" failures="0" timestamp="31 Oct 2017 03:14:24 GMT" time="0.665" errors="0">
  <testcase name="getFoodAndServings" time="0.665" classname="com.assessment.test.Question2b"/>
</testsuite> <!-- com.assessment.test.Question2b -->
