<?xml version="1.0" encoding="UTF-8"?>
<!-- Generated by org.testng.reporters.JUnitReportReporter -->
<testsuite hostname="Kazis-MacBook-Pro.local" name="com.general.scripting.Question2a" tests="2" failures="0" timestamp="23 Nov 2017 18:45:34 GMT" time="0.206" errors="0">
  <testcase name="getSpecificValues" time="0.108" classname="com.general.scripting.Question2a"/>
  <testcase name="getSpecificValues" time="0.098" classname="com.general.scripting.Question2a"/>
</testsuite> <!-- com.general.scripting.Question2a -->
