<?xml version="1.0" encoding="UTF-8"?>
<!-- Generated by org.testng.reporters.JUnitReportReporter -->
<testsuite hostname="Kazis-MacBook-Pro.local" name="com.food.FoodAndServings" tests="1" failures="0" timestamp="30 Oct 2017 23:58:25 GMT" time="1.030" errors="0">
  <testcase name="getFoodAndServings" time="1.030" classname="com.food.FoodAndServings"/>
</testsuite> <!-- com.food.FoodAndServings -->
