<?xml version="1.0" encoding="UTF-8"?>
<!-- Generated by org.testng.reporters.JUnitReportReporter -->
<testsuite hostname="Kazis-MacBook-Pro.local" name="FoodAndServings" tests="1" failures="0" timestamp="30 Oct 2017 23:36:25 GMT" time="0.867" errors="0">
  <testcase name="getFoodAndServings" time="0.867" classname="FoodAndServings"/>
</testsuite> <!-- FoodAndServings -->
