<?xml version="1.0" encoding="UTF-8"?>
<!-- Generated by org.testng.reporters.JUnitReportReporter -->
<testsuite hostname="Kazis-MacBook-Pro.local" name="com.assessment.test.Question2a" tests="1" failures="0" timestamp="31 Oct 2017 04:35:49 GMT" time="0.110" errors="0">
  <testcase name="getSpecificValues" time="0.110" classname="com.assessment.test.Question2a"/>
</testsuite> <!-- com.assessment.test.Question2a -->
