<?xml version="1.0" encoding="UTF-8"?>
<!-- Generated by org.testng.reporters.JUnitReportReporter -->
<testsuite hostname="Kazis-MacBook-Pro.local" name="com.general.scripting.Question2a" tests="1" failures="0" timestamp="14 Nov 2017 05:45:41 GMT" time="0.155" errors="0">
  <testcase name="getSpecificValues" time="0.155" classname="com.general.scripting.Question2a"/>
</testsuite> <!-- com.general.scripting.Question2a -->
