<?xml version="1.0" encoding="UTF-8"?>
<!-- Generated by org.testng.reporters.JUnitReportReporter -->
<testsuite hostname="Kazis-MacBook-Pro.local" name="com.appium.tests.MapTest" tests="1" failures="0" timestamp="3 Nov 2017 05:48:42 GMT" time="34.531" errors="0">
  <testcase name="testFindRestaurant" time="34.531" classname="com.appium.tests.MapTest"/>
</testsuite> <!-- com.appium.tests.MapTest -->
